12.1.2023, 16:06:05 - INFO - Server is running on port: 3030 
12.1.2023, 16:13:11 - INFO - Server is running on port: 3030 
12.1.2023, 16:28:24 - INFO - Server is running on port: 3030 
12.1.2023, 16:28:43 - INFO - Server is running on port: 3030 
12.1.2023, 16:28:50 - INFO - Server is running on port: 3030 
12.1.2023, 16:30:02 - INFO - Server is running on port: 3030 
12.1.2023, 16:30:16 - INFO - Server is running on port: 3030 
12.1.2023, 16:30:29 - INFO - Server is running on port: 3030 
12.1.2023, 16:30:32 - INFO - Server is running on port: 3030 
12.1.2023, 16:30:36 - INFO - Req was made 
12.1.2023, 16:30:36 - DEBUG - Getting toys 
12.1.2023, 16:30:37 - INFO - Req was made 
12.1.2023, 16:30:37 - DEBUG - Getting toys 
12.1.2023, 16:31:03 - INFO - Server is running on port: 3030 
12.1.2023, 16:31:09 - INFO - Server is running on port: 3030 
12.1.2023, 16:31:15 - INFO - Server is running on port: 3030 
12.1.2023, 16:31:20 - INFO - Server is running on port: 3030 
12.1.2023, 16:31:23 - INFO - Server is running on port: 3030 
12.1.2023, 16:31:24 - INFO - Server is running on port: 3030 
12.1.2023, 16:31:27 - INFO - Server is running on port: 3030 
12.1.2023, 16:31:41 - INFO - Server is running on port: 3030 
12.1.2023, 16:31:47 - INFO - Server is running on port: 3030 
12.1.2023, 16:32:03 - INFO - Server is running on port: 3030 
12.1.2023, 16:32:05 - INFO - Server is running on port: 3030 
12.1.2023, 16:32:16 - INFO - Req was made 
12.1.2023, 16:32:16 - DEBUG - Getting toys 
12.1.2023, 16:32:34 - INFO - Server is running on port: 3030 
12.1.2023, 16:32:37 - INFO - Req was made 
12.1.2023, 16:32:37 - DEBUG - Getting toys 
12.1.2023, 16:32:39 - INFO - Req was made 
12.1.2023, 16:32:39 - DEBUG - Getting toys 
12.1.2023, 16:32:39 - INFO - Req was made 
12.1.2023, 16:32:39 - DEBUG - Getting toys 
12.1.2023, 16:32:48 - INFO - Server is running on port: 3030 
12.1.2023, 16:32:49 - INFO - Req was made 
12.1.2023, 16:32:49 - DEBUG - Getting toys 
12.1.2023, 16:32:50 - INFO - Req was made 
12.1.2023, 16:32:50 - DEBUG - Getting toys 
12.1.2023, 16:32:53 - INFO - Req was made 
12.1.2023, 16:32:53 - DEBUG - Getting toys 
12.1.2023, 16:37:47 - INFO - Req was made 
12.1.2023, 16:37:47 - DEBUG - Getting toys 
12.1.2023, 16:37:49 - INFO - Req was made 
12.1.2023, 16:37:49 - DEBUG - Getting toys 
12.1.2023, 16:37:52 - INFO - Req was made 
12.1.2023, 16:37:52 - DEBUG - Getting toys 
12.1.2023, 16:37:54 - INFO - Req was made 
12.1.2023, 16:37:54 - DEBUG - Getting toys 
12.1.2023, 16:38:00 - INFO - Req was made 
12.1.2023, 16:38:00 - DEBUG - Getting toys 
12.1.2023, 16:38:03 - INFO - Req was made 
12.1.2023, 16:38:03 - DEBUG - Getting toys 
12.1.2023, 16:38:06 - INFO - Req was made 
12.1.2023, 16:38:06 - DEBUG - Getting toys 
12.1.2023, 16:38:21 - INFO - Server is running on port: 3030 
12.1.2023, 16:38:23 - INFO - Server is running on port: 3030 
12.1.2023, 16:38:24 - INFO - Req was made 
12.1.2023, 16:38:24 - DEBUG - Getting toys 
12.1.2023, 16:38:25 - INFO - Req was made 
12.1.2023, 16:38:25 - DEBUG - Getting toys 
12.1.2023, 16:38:27 - INFO - Req was made 
12.1.2023, 16:38:27 - DEBUG - Getting toys 
12.1.2023, 16:38:32 - INFO - Server is running on port: 3030 
12.1.2023, 16:39:30 - INFO - Req was made 
12.1.2023, 16:39:30 - DEBUG - Getting toys 
12.1.2023, 17:01:06 - INFO - Server is running on port: 3030 
12.1.2023, 17:01:34 - INFO - Server is running on port: 3030 
12.1.2023, 17:01:47 - INFO - Server is running on port: 3030 
12.1.2023, 17:03:57 - INFO - Server is running on port: 3030 
12.1.2023, 17:04:00 - INFO - Server is running on port: 3030 
12.1.2023, 17:04:01 - INFO - Server is running on port: 3030 
12.1.2023, 17:04:20 - INFO - Server is running on port: 3030 
12.1.2023, 17:04:23 - INFO - Server is running on port: 3030 
12.1.2023, 17:04:26 - INFO - Server is running on port: 3030 
12.1.2023, 17:04:30 - INFO - Server is running on port: 3030 
12.1.2023, 17:04:44 - INFO - Server is running on port: 3030 
12.1.2023, 17:04:48 - INFO - Server is running on port: 3030 
12.1.2023, 17:05:12 - INFO - Server is running on port: 3030 
12.1.2023, 17:05:16 - INFO - Server is running on port: 3030 
12.1.2023, 17:05:21 - INFO - Server is running on port: 3030 
12.1.2023, 17:05:24 - INFO - Server is running on port: 3030 
12.1.2023, 17:05:29 - INFO - Server is running on port: 3030 
12.1.2023, 17:05:33 - INFO - Server is running on port: 3030 
12.1.2023, 17:05:41 - INFO - Server is running on port: 3030 
12.1.2023, 17:06:30 - INFO - Server is running on port: 3030 
12.1.2023, 17:06:32 - INFO - Server is running on port: 3030 
12.1.2023, 17:06:37 - INFO - Server is running on port: 3030 
12.1.2023, 17:07:06 - INFO - Server is running on port: 3030 
12.1.2023, 17:07:09 - INFO - Server is running on port: 3030 
12.1.2023, 17:07:15 - INFO - Server is running on port: 3030 
12.1.2023, 17:07:19 - INFO - Server is running on port: 3030 
12.1.2023, 17:07:20 - INFO - Server is running on port: 3030 
12.1.2023, 17:07:24 - INFO - Req was made 
12.1.2023, 17:07:24 - DEBUG - Getting toys 
12.1.2023, 17:07:24 - INFO - Req was made 
12.1.2023, 17:07:24 - DEBUG - Getting toys 
12.1.2023, 17:08:30 - INFO - Server is running on port: 3030 
12.1.2023, 17:08:33 - INFO - Server is running on port: 3030 
12.1.2023, 17:12:20 - INFO - Server is running on port: 3030 
12.1.2023, 17:16:54 - INFO - Req was made 
12.1.2023, 17:16:54 - DEBUG - Getting toys 
12.1.2023, 17:16:59 - INFO - Req was made 
12.1.2023, 17:16:59 - DEBUG - Getting toys 
12.1.2023, 17:17:11 - INFO - Req was made 
12.1.2023, 17:17:11 - DEBUG - Getting toys 
12.1.2023, 17:17:41 - INFO - Req was made 
12.1.2023, 17:17:41 - DEBUG - Getting toys 
12.1.2023, 17:17:48 - INFO - Req was made 
12.1.2023, 17:17:48 - DEBUG - Getting toys 
12.1.2023, 17:17:52 - INFO - Req was made 
12.1.2023, 17:17:52 - DEBUG - Getting toys 
12.1.2023, 17:19:00 - INFO - Server is running on port: 3030 
12.1.2023, 17:19:06 - INFO - Server is running on port: 3030 
12.1.2023, 17:19:08 - INFO - Server is running on port: 3030 
12.1.2023, 17:19:13 - INFO - Server is running on port: 3030 
12.1.2023, 17:19:15 - INFO - Server is running on port: 3030 
12.1.2023, 17:19:16 - INFO - Server is running on port: 3030 
12.1.2023, 17:19:36 - INFO - Server is running on port: 3030 
12.1.2023, 17:19:39 - INFO - Req was made 
12.1.2023, 17:19:39 - DEBUG - Getting toys 
12.1.2023, 17:19:40 - INFO - Req was made 
12.1.2023, 17:19:40 - DEBUG - Getting toys 
12.1.2023, 17:19:42 - INFO - Req was made 
12.1.2023, 17:19:42 - DEBUG - Getting toys 
12.1.2023, 17:19:44 - INFO - Req was made 
12.1.2023, 17:19:44 - DEBUG - Getting toys 
12.1.2023, 17:19:47 - INFO - Req was made 
12.1.2023, 17:19:47 - DEBUG - Getting toys 
12.1.2023, 17:19:49 - INFO - Req was made 
12.1.2023, 17:19:49 - DEBUG - Getting toys 
12.1.2023, 17:19:59 - INFO - Req was made 
12.1.2023, 17:19:59 - DEBUG - Getting toys 
12.1.2023, 17:20:02 - INFO - Req was made 
12.1.2023, 17:20:02 - DEBUG - Getting toys 
12.1.2023, 17:20:04 - INFO - Req was made 
12.1.2023, 17:20:04 - DEBUG - Getting toys 
12.1.2023, 17:20:13 - INFO - Req was made 
12.1.2023, 17:20:13 - DEBUG - Getting toys 
12.1.2023, 17:20:47 - INFO - Server is running on port: 3030 
12.1.2023, 17:20:49 - INFO - Server is running on port: 3030 
12.1.2023, 17:20:51 - INFO - Server is running on port: 3030 
12.1.2023, 17:20:54 - INFO - Server is running on port: 3030 
12.1.2023, 17:23:39 - INFO - Server is running on port: 3030 
12.1.2023, 17:23:41 - INFO - Server is running on port: 3030 
12.1.2023, 17:23:48 - INFO - Server is running on port: 3030 
12.1.2023, 17:23:52 - INFO - Server is running on port: 3030 
12.1.2023, 17:23:56 - INFO - Req was made 
12.1.2023, 17:23:56 - DEBUG - Getting toys 
12.1.2023, 17:23:56 - ERROR - cannot find toys | MongoError: $not needs a regex or a document 
12.1.2023, 17:23:56 - ERROR - Failed to get toys | MongoError: $not needs a regex or a document 
12.1.2023, 17:23:56 - DEBUG - Getting toys 
12.1.2023, 17:23:56 - INFO - Req was made 
12.1.2023, 17:23:56 - ERROR - cannot find toys | MongoError: $not needs a regex or a document 
12.1.2023, 17:23:56 - ERROR - Failed to get toys | MongoError: $not needs a regex or a document 
12.1.2023, 17:24:11 - INFO - Server is running on port: 3030 
12.1.2023, 17:24:40 - INFO - Server is running on port: 3030 
12.1.2023, 17:24:45 - INFO - Req was made 
12.1.2023, 17:24:45 - DEBUG - Getting toys 
12.1.2023, 17:24:45 - ERROR - cannot find toys | MongoError: $not needs a regex or a document 
12.1.2023, 17:24:45 - ERROR - Failed to get toys | MongoError: $not needs a regex or a document 
12.1.2023, 17:24:46 - INFO - Req was made 
12.1.2023, 17:24:46 - DEBUG - Getting toys 
12.1.2023, 17:24:46 - ERROR - cannot find toys | MongoError: $not needs a regex or a document 
12.1.2023, 17:24:46 - ERROR - Failed to get toys | MongoError: $not needs a regex or a document 
12.1.2023, 17:24:52 - INFO - Server is running on port: 3030 
12.1.2023, 17:24:53 - INFO - Req was made 
12.1.2023, 17:24:53 - DEBUG - Getting toys 
12.1.2023, 17:24:54 - INFO - Req was made 
12.1.2023, 17:24:54 - DEBUG - Getting toys 
12.1.2023, 17:25:29 - INFO - Server is running on port: 3030 
12.1.2023, 17:25:33 - INFO - Server is running on port: 3030 
12.1.2023, 17:25:41 - INFO - Server is running on port: 3030 
12.1.2023, 17:26:33 - INFO - Server is running on port: 3030 
12.1.2023, 17:26:41 - INFO - Server is running on port: 3030 
12.1.2023, 17:26:45 - INFO - Req was made 
12.1.2023, 17:26:45 - DEBUG - Getting toys 
12.1.2023, 17:26:45 - INFO - Req was made 
12.1.2023, 17:26:45 - DEBUG - Getting toys 
12.1.2023, 17:26:49 - INFO - Req was made 
12.1.2023, 17:26:49 - DEBUG - Getting toys 
12.1.2023, 17:26:50 - INFO - Req was made 
12.1.2023, 17:26:50 - DEBUG - Getting toys 
12.1.2023, 17:26:50 - INFO - Req was made 
12.1.2023, 17:26:50 - DEBUG - Getting toys 
12.1.2023, 17:26:52 - INFO - Req was made 
12.1.2023, 17:26:52 - DEBUG - Getting toys 
12.1.2023, 17:26:53 - INFO - Req was made 
12.1.2023, 17:26:53 - DEBUG - Getting toys 
12.1.2023, 17:26:55 - INFO - Req was made 
12.1.2023, 17:26:55 - DEBUG - Getting toys 
12.1.2023, 17:26:56 - INFO - Req was made 
12.1.2023, 17:26:56 - DEBUG - Getting toys 
12.1.2023, 17:27:03 - INFO - Server is running on port: 3030 
12.1.2023, 17:27:04 - INFO - Req was made 
12.1.2023, 17:27:04 - DEBUG - Getting toys 
12.1.2023, 17:27:05 - INFO - Req was made 
12.1.2023, 17:27:05 - DEBUG - Getting toys 
12.1.2023, 17:27:06 - DEBUG - Getting toys 
12.1.2023, 17:27:06 - INFO - Req was made 
12.1.2023, 17:27:07 - INFO - Req was made 
12.1.2023, 17:27:07 - DEBUG - Getting toys 
12.1.2023, 17:27:13 - INFO - Server is running on port: 3030 
12.1.2023, 17:32:55 - INFO - Server is running on port: 3030 
12.1.2023, 17:32:57 - INFO - Req was made 
12.1.2023, 17:32:57 - DEBUG - Getting toys 
12.1.2023, 17:32:57 - INFO - Req was made 
12.1.2023, 17:32:57 - DEBUG - Getting toys 
12.1.2023, 17:33:00 - INFO - Req was made 
12.1.2023, 17:33:00 - DEBUG - Getting toys 
12.1.2023, 17:33:02 - DEBUG - Getting toys 
12.1.2023, 17:33:02 - INFO - Req was made 
12.1.2023, 17:33:04 - INFO - Req was made 
12.1.2023, 17:33:04 - DEBUG - Getting toys 
12.1.2023, 17:33:05 - INFO - Req was made 
12.1.2023, 17:33:05 - DEBUG - Getting toys 
12.1.2023, 17:34:53 - INFO - Req was made 
12.1.2023, 17:34:53 - DEBUG - Getting toys 
12.1.2023, 17:34:54 - INFO - Req was made 
12.1.2023, 17:34:54 - DEBUG - Getting toys 
12.1.2023, 17:35:11 - INFO - Req was made 
12.1.2023, 17:35:11 - DEBUG - Getting toys 
12.1.2023, 17:35:17 - INFO - Req was made 
12.1.2023, 17:35:17 - DEBUG - Getting toys 
12.1.2023, 17:35:18 - INFO - Req was made 
12.1.2023, 17:35:18 - DEBUG - Getting toys 
12.1.2023, 17:35:28 - INFO - Req was made 
12.1.2023, 17:35:28 - DEBUG - Getting toys 
12.1.2023, 17:35:29 - INFO - Req was made 
12.1.2023, 17:35:29 - DEBUG - Getting toys 
12.1.2023, 17:35:30 - INFO - Req was made 
12.1.2023, 17:35:30 - DEBUG - Getting toys 
12.1.2023, 17:37:16 - INFO - Server is running on port: 3030 
12.1.2023, 17:37:21 - INFO - Server is running on port: 3030 
12.1.2023, 17:37:28 - INFO - Server is running on port: 3030 
12.1.2023, 17:37:30 - INFO - Server is running on port: 3030 
12.1.2023, 17:37:41 - INFO - Server is running on port: 3030 
12.1.2023, 17:37:46 - INFO - Server is running on port: 3030 
12.1.2023, 17:37:52 - INFO - Server is running on port: 3030 
12.1.2023, 17:37:55 - INFO - Server is running on port: 3030 
12.1.2023, 17:38:00 - INFO - Server is running on port: 3030 
12.1.2023, 17:38:08 - INFO - Server is running on port: 3030 
12.1.2023, 17:38:16 - INFO - Server is running on port: 3030 
12.1.2023, 17:38:28 - INFO - Server is running on port: 3030 
12.1.2023, 17:38:37 - INFO - Server is running on port: 3030 
12.1.2023, 17:38:44 - INFO - Server is running on port: 3030 
12.1.2023, 17:39:36 - INFO - Server is running on port: 3030 
12.1.2023, 17:39:42 - INFO - Server is running on port: 3030 
12.1.2023, 17:40:01 - INFO - Server is running on port: 3030 
12.1.2023, 17:40:32 - INFO - Server is running on port: 3030 
12.1.2023, 17:40:43 - INFO - Req was made 
12.1.2023, 17:40:43 - DEBUG - Getting toys 
12.1.2023, 17:40:44 - INFO - Req was made 
12.1.2023, 17:40:44 - DEBUG - Getting toys 
12.1.2023, 17:41:19 - INFO - Req was made 
12.1.2023, 17:41:19 - DEBUG - Getting toys 
12.1.2023, 17:41:19 - INFO - Req was made 
12.1.2023, 17:41:19 - DEBUG - Getting toys 
12.1.2023, 17:41:44 - INFO - Req was made 
12.1.2023, 17:41:44 - DEBUG - Getting toys 
12.1.2023, 17:41:57 - DEBUG - Getting toys 
12.1.2023, 17:41:57 - INFO - Req was made 
12.1.2023, 17:41:57 - INFO - Req was made 
12.1.2023, 17:41:57 - DEBUG - Getting toys 
12.1.2023, 17:42:47 - INFO - Server is running on port: 3030 
12.1.2023, 17:43:05 - INFO - Server is running on port: 3030 
12.1.2023, 17:43:10 - INFO - Req was made 
12.1.2023, 17:43:10 - DEBUG - Getting toys 
12.1.2023, 17:43:10 - INFO - Req was made 
12.1.2023, 17:43:10 - DEBUG - Getting toys 
12.1.2023, 17:43:12 - INFO - Req was made 
12.1.2023, 17:43:12 - DEBUG - Getting toys 
12.1.2023, 17:43:13 - INFO - Req was made 
12.1.2023, 17:43:13 - DEBUG - Getting toys 
12.1.2023, 17:43:14 - INFO - Req was made 
12.1.2023, 17:43:14 - DEBUG - Getting toys 
12.1.2023, 17:43:17 - INFO - Req was made 
12.1.2023, 17:43:17 - DEBUG - Getting toys 
12.1.2023, 17:43:58 - INFO - Server is running on port: 3030 
12.1.2023, 17:44:00 - INFO - Req was made 
12.1.2023, 17:44:00 - DEBUG - Getting toys 
12.1.2023, 17:44:00 - INFO - Req was made 
12.1.2023, 17:44:00 - DEBUG - Getting toys 
12.1.2023, 17:44:06 - INFO - Server is running on port: 3030 
12.1.2023, 17:44:07 - INFO - Req was made 
12.1.2023, 17:44:07 - DEBUG - Getting toys 
12.1.2023, 17:44:08 - INFO - Req was made 
12.1.2023, 17:44:08 - DEBUG - Getting toys 
12.1.2023, 17:44:11 - DEBUG - Getting toys 
12.1.2023, 17:44:11 - INFO - Req was made 
12.1.2023, 17:44:13 - INFO - Req was made 
12.1.2023, 17:44:13 - DEBUG - Getting toys 
12.1.2023, 17:44:18 - INFO - Req was made 
12.1.2023, 17:44:18 - DEBUG - Getting toys 
12.1.2023, 17:44:22 - INFO - Req was made 
12.1.2023, 17:44:22 - DEBUG - Getting toys 
12.1.2023, 17:44:27 - INFO - Req was made 
12.1.2023, 17:44:27 - DEBUG - Getting toys 
12.1.2023, 17:44:29 - INFO - Req was made 
12.1.2023, 17:44:29 - DEBUG - Getting toys 
12.1.2023, 17:49:35 - INFO - Server is running on port: 3030 
12.1.2023, 17:49:37 - INFO - Req was made 
12.1.2023, 17:49:37 - DEBUG - Getting toys 
12.1.2023, 17:49:37 - INFO - Req was made 
12.1.2023, 17:49:37 - DEBUG - Getting toys 
12.1.2023, 17:50:33 - INFO - Req was made 
12.1.2023, 17:50:33 - DEBUG - Getting toys 
12.1.2023, 17:50:36 - INFO - Req was made 
12.1.2023, 17:50:36 - DEBUG - Getting toys 
12.1.2023, 17:50:37 - INFO - Req was made 
12.1.2023, 17:50:37 - DEBUG - Getting toys 
12.1.2023, 17:51:13 - INFO - Server is running on port: 3030 
12.1.2023, 17:51:14 - INFO - Server is running on port: 3030 
12.1.2023, 17:56:56 - INFO - Server is running on port: 3030 
12.1.2023, 17:56:57 - INFO - Server is running on port: 3030 
12.1.2023, 17:57:19 - INFO - Req was made 
12.1.2023, 17:57:19 - DEBUG - Getting toys 
12.1.2023, 17:57:19 - INFO - Req was made 
12.1.2023, 17:57:19 - DEBUG - Getting toys 
12.1.2023, 17:58:33 - INFO - Req was made 
12.1.2023, 17:58:33 - DEBUG - Getting toys 
12.1.2023, 17:58:34 - INFO - Req was made 
12.1.2023, 17:58:34 - DEBUG - Getting toys 
12.1.2023, 17:58:34 - INFO - Req was made 
12.1.2023, 17:58:34 - DEBUG - Getting toys 
12.1.2023, 18:03:26 - INFO - Server is running on port: 3030 
12.1.2023, 18:03:31 - INFO - Req was made 
12.1.2023, 18:03:31 - DEBUG - Getting toys 
12.1.2023, 18:03:31 - INFO - Req was made 
12.1.2023, 18:03:31 - DEBUG - Getting toys 
12.1.2023, 18:03:32 - INFO - Req was made 
12.1.2023, 18:03:32 - DEBUG - Getting toys 
12.1.2023, 18:04:41 - INFO - Req was made 
12.1.2023, 18:04:41 - DEBUG - Getting toys 
12.1.2023, 18:04:41 - INFO - Req was made 
12.1.2023, 18:04:41 - DEBUG - Getting toys 
12.1.2023, 18:04:43 - INFO - Req was made 
12.1.2023, 18:04:43 - DEBUG - Getting toys 
12.1.2023, 18:04:44 - INFO - Req was made 
12.1.2023, 18:04:44 - DEBUG - Getting toys 
12.1.2023, 18:08:08 - INFO - Server is running on port: 3030 
12.1.2023, 18:08:09 - INFO - Req was made 
12.1.2023, 18:08:09 - DEBUG - Getting toys 
12.1.2023, 18:08:10 - INFO - Req was made 
12.1.2023, 18:08:10 - DEBUG - Getting toys 
12.1.2023, 18:08:27 - INFO - Req was made 
12.1.2023, 18:08:27 - DEBUG - Getting toys 
12.1.2023, 18:08:27 - INFO - Req was made 
12.1.2023, 18:08:27 - DEBUG - Getting toys 
12.1.2023, 18:11:55 - INFO - Server is running on port: 3030 
12.1.2023, 18:12:11 - INFO - Req was made 
12.1.2023, 18:12:11 - DEBUG - Getting toys 
12.1.2023, 18:12:13 - INFO - Req was made 
12.1.2023, 18:12:13 - DEBUG - Getting toys 
12.1.2023, 18:12:14 - INFO - Req was made 
12.1.2023, 18:12:14 - DEBUG - Getting toys 
12.1.2023, 18:12:14 - DEBUG - Getting toys 
12.1.2023, 18:12:14 - INFO - Req was made 
12.1.2023, 18:14:10 - INFO - Req was made 
12.1.2023, 18:14:10 - DEBUG - Getting toys 
12.1.2023, 18:14:11 - DEBUG - Getting toys 
12.1.2023, 18:14:11 - INFO - Req was made 
12.1.2023, 18:14:12 - INFO - Req was made 
12.1.2023, 18:14:12 - DEBUG - Getting toys 
12.1.2023, 18:14:17 - INFO - Req was made 
12.1.2023, 18:14:17 - DEBUG - Getting toys 
12.1.2023, 18:14:17 - INFO - Req was made 
12.1.2023, 18:14:17 - DEBUG - Getting toys 
12.1.2023, 18:18:13 - INFO - Server is running on port: 3030 
12.1.2023, 18:18:21 - INFO - Req was made 
12.1.2023, 18:18:21 - DEBUG - Getting toys 
12.1.2023, 18:18:21 - INFO - Req was made 
12.1.2023, 18:18:21 - DEBUG - Getting toys 
12.1.2023, 18:18:24 - INFO - Req was made 
12.1.2023, 18:18:24 - DEBUG - Getting toys 
12.1.2023, 18:18:24 - INFO - Req was made 
12.1.2023, 18:18:24 - DEBUG - Getting toys 
12.1.2023, 18:18:26 - INFO - Req was made 
12.1.2023, 18:18:26 - DEBUG - Getting toys 
12.1.2023, 18:18:27 - INFO - Req was made 
12.1.2023, 18:18:27 - DEBUG - Getting toys 
12.1.2023, 18:18:28 - INFO - Req was made 
12.1.2023, 18:18:28 - DEBUG - Getting toys 
12.1.2023, 18:22:14 - INFO - Server is running on port: 3030 
12.1.2023, 18:31:10 - INFO - Server is running on port: 3030 
12.1.2023, 18:31:17 - INFO - Req was made 
12.1.2023, 18:31:17 - DEBUG - Getting toys 
12.1.2023, 18:31:17 - ERROR - cannot find toys | MongoError: $elemMatch needs an Object 
12.1.2023, 18:31:17 - ERROR - Failed to get toys | MongoError: $elemMatch needs an Object 
12.1.2023, 18:31:17 - INFO - Req was made 
12.1.2023, 18:31:17 - DEBUG - Getting toys 
12.1.2023, 18:31:17 - ERROR - cannot find toys | MongoError: $elemMatch needs an Object 
12.1.2023, 18:31:17 - ERROR - Failed to get toys | MongoError: $elemMatch needs an Object 
12.1.2023, 18:31:25 - INFO - Req was made 
12.1.2023, 18:31:25 - DEBUG - Getting toys 
12.1.2023, 18:31:25 - ERROR - cannot find toys | MongoError: $elemMatch needs an Object 
12.1.2023, 18:31:25 - ERROR - Failed to get toys | MongoError: $elemMatch needs an Object 
12.1.2023, 18:31:26 - INFO - Req was made 
12.1.2023, 18:31:26 - DEBUG - Getting toys 
12.1.2023, 18:31:26 - ERROR - cannot find toys | MongoError: $elemMatch needs an Object 
12.1.2023, 18:31:26 - ERROR - Failed to get toys | MongoError: $elemMatch needs an Object 
12.1.2023, 18:31:27 - INFO - Req was made 
12.1.2023, 18:31:27 - DEBUG - Getting toys 
12.1.2023, 18:31:27 - ERROR - cannot find toys | MongoError: $elemMatch needs an Object 
12.1.2023, 18:31:27 - ERROR - Failed to get toys | MongoError: $elemMatch needs an Object 
12.1.2023, 18:31:31 - INFO - Server is running on port: 3030 
12.1.2023, 18:31:32 - INFO - Req was made 
12.1.2023, 18:31:32 - DEBUG - Getting toys 
12.1.2023, 18:31:33 - INFO - Req was made 
12.1.2023, 18:31:33 - DEBUG - Getting toys 
12.1.2023, 18:31:33 - INFO - Req was made 
12.1.2023, 18:31:33 - DEBUG - Getting toys 
12.1.2023, 18:33:08 - INFO - Server is running on port: 3030 
12.1.2023, 18:33:11 - INFO - Server is running on port: 3030 
12.1.2023, 18:33:23 - INFO - Server is running on port: 3030 
12.1.2023, 18:33:26 - INFO - Req was made 
12.1.2023, 18:33:26 - DEBUG - Getting toys 
12.1.2023, 18:33:26 - ERROR - cannot find toys | MongoError: $in needs an array 
12.1.2023, 18:33:26 - ERROR - Failed to get toys | MongoError: $in needs an array 
12.1.2023, 18:33:26 - INFO - Req was made 
12.1.2023, 18:33:26 - DEBUG - Getting toys 
12.1.2023, 18:33:26 - ERROR - cannot find toys | MongoError: $in needs an array 
12.1.2023, 18:33:26 - ERROR - Failed to get toys | MongoError: $in needs an array 
12.1.2023, 18:33:41 - INFO - Server is running on port: 3030 
12.1.2023, 18:33:44 - INFO - Server is running on port: 3030 
12.1.2023, 18:33:53 - INFO - Server is running on port: 3030 
12.1.2023, 18:33:54 - INFO - Req was made 
12.1.2023, 18:33:54 - DEBUG - Getting toys 
12.1.2023, 18:33:55 - DEBUG - Getting toys 
12.1.2023, 18:33:55 - INFO - Req was made 
12.1.2023, 18:33:56 - INFO - Req was made 
12.1.2023, 18:33:56 - DEBUG - Getting toys 
12.1.2023, 18:33:56 - INFO - Req was made 
12.1.2023, 18:33:56 - DEBUG - Getting toys 
12.1.2023, 18:33:57 - INFO - Req was made 
12.1.2023, 18:33:57 - DEBUG - Getting toys 
12.1.2023, 18:34:19 - INFO - Server is running on port: 3030 
12.1.2023, 18:34:21 - INFO - Req was made 
12.1.2023, 18:34:21 - DEBUG - Getting toys 
12.1.2023, 18:34:21 - ERROR - cannot find toys | TypeError: Cannot read properties of undefined (reading 'split') 
12.1.2023, 18:34:21 - ERROR - Failed to get toys | TypeError: Cannot read properties of undefined (reading 'split') 
12.1.2023, 18:34:22 - INFO - Req was made 
12.1.2023, 18:34:22 - DEBUG - Getting toys 
12.1.2023, 18:34:22 - ERROR - cannot find toys | TypeError: Cannot read properties of undefined (reading 'split') 
12.1.2023, 18:34:22 - ERROR - Failed to get toys | TypeError: Cannot read properties of undefined (reading 'split') 
12.1.2023, 18:34:26 - INFO - Server is running on port: 3030 
12.1.2023, 18:34:29 - INFO - Server is running on port: 3030 
12.1.2023, 18:34:29 - INFO - Req was made 
12.1.2023, 18:34:29 - DEBUG - Getting toys 
12.1.2023, 18:34:30 - INFO - Req was made 
12.1.2023, 18:34:30 - DEBUG - Getting toys 
12.1.2023, 18:34:36 - INFO - Server is running on port: 3030 
12.1.2023, 18:34:36 - INFO - Req was made 
12.1.2023, 18:34:36 - DEBUG - Getting toys 
12.1.2023, 18:34:37 - INFO - Req was made 
12.1.2023, 18:34:37 - DEBUG - Getting toys 
12.1.2023, 18:34:45 - INFO - Req was made 
12.1.2023, 18:34:45 - DEBUG - Getting toys 
12.1.2023, 18:34:48 - INFO - Req was made 
12.1.2023, 18:34:48 - DEBUG - Getting toys 
12.1.2023, 18:34:51 - INFO - Req was made 
12.1.2023, 18:34:51 - DEBUG - Getting toys 
12.1.2023, 18:35:24 - INFO - Server is running on port: 3030 
12.1.2023, 18:35:29 - INFO - Server is running on port: 3030 
12.1.2023, 18:35:36 - INFO - Server is running on port: 3030 
12.1.2023, 18:35:39 - INFO - Req was made 
12.1.2023, 18:35:39 - DEBUG - Getting toys 
12.1.2023, 18:35:39 - ERROR - Failed to get toys | MongoError: $all needs an array 
12.1.2023, 18:35:39 - ERROR - cannot find toys | MongoError: $all needs an array 
12.1.2023, 18:35:39 - DEBUG - Getting toys 
12.1.2023, 18:35:39 - INFO - Req was made 
12.1.2023, 18:35:39 - ERROR - cannot find toys | MongoError: $all needs an array 
12.1.2023, 18:35:39 - ERROR - Failed to get toys | MongoError: $all needs an array 
12.1.2023, 18:36:12 - INFO - Server is running on port: 3030 
12.1.2023, 18:36:16 - INFO - Server is running on port: 3030 
12.1.2023, 18:36:16 - INFO - Req was made 
12.1.2023, 18:36:16 - DEBUG - Getting toys 
12.1.2023, 18:36:17 - INFO - Req was made 
12.1.2023, 18:36:17 - DEBUG - Getting toys 
12.1.2023, 18:36:38 - INFO - Server is running on port: 3030 
12.1.2023, 18:36:48 - INFO - Req was made 
12.1.2023, 18:36:48 - DEBUG - Getting toys 
12.1.2023, 18:36:49 - INFO - Req was made 
12.1.2023, 18:36:49 - DEBUG - Getting toys 
12.1.2023, 18:37:02 - INFO - Server is running on port: 3030 
12.1.2023, 18:37:06 - INFO - Req was made 
12.1.2023, 18:37:06 - DEBUG - Getting toys 
12.1.2023, 18:37:07 - INFO - Req was made 
12.1.2023, 18:37:07 - DEBUG - Getting toys 
12.1.2023, 18:37:39 - INFO - Req was made 
12.1.2023, 18:37:39 - DEBUG - Getting toys 
12.1.2023, 18:37:42 - INFO - Req was made 
12.1.2023, 18:37:42 - DEBUG - Getting toys 
12.1.2023, 18:37:43 - INFO - Req was made 
12.1.2023, 18:37:43 - DEBUG - Getting toys 
12.1.2023, 18:37:43 - INFO - Req was made 
12.1.2023, 18:37:43 - DEBUG - Getting toys 
12.1.2023, 18:37:47 - INFO - Req was made 
12.1.2023, 18:37:47 - DEBUG - Getting toys 
12.1.2023, 18:37:48 - INFO - Req was made 
12.1.2023, 18:37:48 - DEBUG - Getting toys 
12.1.2023, 18:37:50 - INFO - Req was made 
12.1.2023, 18:37:50 - DEBUG - Getting toys 
12.1.2023, 18:37:50 - INFO - Req was made 
12.1.2023, 18:37:50 - DEBUG - Getting toys 
12.1.2023, 18:37:51 - DEBUG - Getting toys 
12.1.2023, 18:37:51 - INFO - Req was made 
12.1.2023, 18:37:55 - INFO - Req was made 
12.1.2023, 18:37:55 - DEBUG - Getting toys 
12.1.2023, 18:37:57 - INFO - Req was made 
12.1.2023, 18:37:57 - DEBUG - Getting toys 
12.1.2023, 18:38:39 - INFO - Server is running on port: 3030 
12.1.2023, 18:38:47 - INFO - Server is running on port: 3030 
12.1.2023, 18:39:15 - INFO - Server is running on port: 3030 
12.1.2023, 18:39:20 - INFO - Server is running on port: 3030 
12.1.2023, 18:39:26 - INFO - Server is running on port: 3030 
12.1.2023, 18:39:35 - INFO - Req was made 
12.1.2023, 18:39:35 - DEBUG - Getting toys 
12.1.2023, 18:39:35 - INFO - Req was made 
12.1.2023, 18:39:35 - DEBUG - Getting toys 
12.1.2023, 18:39:38 - INFO - Req was made 
12.1.2023, 18:39:38 - DEBUG - Getting toys 
12.1.2023, 18:39:51 - DEBUG - Getting toys 
12.1.2023, 18:39:51 - INFO - Req was made 
12.1.2023, 18:39:54 - INFO - Req was made 
12.1.2023, 18:39:54 - DEBUG - Getting toys 
12.1.2023, 18:40:37 - INFO - Server is running on port: 3030 
12.1.2023, 18:40:41 - INFO - Server is running on port: 3030 
12.1.2023, 18:40:52 - INFO - Server is running on port: 3030 
12.1.2023, 18:41:00 - INFO - Server is running on port: 3030 
12.1.2023, 18:41:03 - INFO - Server is running on port: 3030 
12.1.2023, 18:41:07 - INFO - Server is running on port: 3030 
12.1.2023, 18:41:35 - INFO - Server is running on port: 3030 
12.1.2023, 18:41:41 - INFO - Server is running on port: 3030 
12.1.2023, 18:41:42 - DEBUG - Getting toys 
12.1.2023, 18:41:42 - INFO - Req was made 
12.1.2023, 18:41:43 - INFO - Req was made 
12.1.2023, 18:41:43 - DEBUG - Getting toys 
12.1.2023, 18:41:44 - INFO - Req was made 
12.1.2023, 18:41:44 - DEBUG - Getting toys 
12.1.2023, 18:41:46 - INFO - Req was made 
12.1.2023, 18:41:46 - DEBUG - Getting toys 
12.1.2023, 18:41:49 - INFO - Req was made 
12.1.2023, 18:41:49 - DEBUG - Getting toys 
12.1.2023, 18:41:51 - INFO - Req was made 
12.1.2023, 18:41:51 - DEBUG - Getting toys 
12.1.2023, 18:41:52 - INFO - Req was made 
12.1.2023, 18:41:52 - DEBUG - Getting toys 
12.1.2023, 18:41:53 - INFO - Req was made 
12.1.2023, 18:41:53 - DEBUG - Getting toys 
12.1.2023, 18:42:35 - INFO - Req was made 
12.1.2023, 18:42:35 - DEBUG - Getting toys 
12.1.2023, 18:42:37 - INFO - Req was made 
12.1.2023, 18:42:37 - DEBUG - Getting toys 
12.1.2023, 18:42:38 - INFO - Req was made 
12.1.2023, 18:42:38 - DEBUG - Getting toys 
